# JRE version: Java(TM) SE Runtime Environment (14.0.1+7) (build 14.0.1+7)
# Java VM: Java HotSpot(TM) 64-Bit Server VM (14.0.1+7, mixed mode, sharing, tiered, compressed oops, g1 gc, windows-amd64)
Heap:
 garbage-first heap   total 86016K, used 55458K [0x0000000081a00000, 0x0000000100000000)
  region size 1024K, 31 young (31744K), 3 survivors (3072K)
 Metaspace       used 55771K, capacity 57430K, committed 57676K, reserved 1099776K
  class space    used 7578K, capacity 8220K, committed 8268K, reserved 1048576K
GC Heap History (20 events):
Event: 6.024 GC heap after
{Heap after GC invocations=18 (full 0):
 garbage-first heap   total 84992K, used 18821K [0x0000000081a00000, 0x0000000100000000)
  region size 1024K, 4 young (4096K), 4 survivors (4096K)
 Metaspace       used 34620K, capacity 35789K, committed 35840K, reserved 1079296K
  class space    used 4703K, capacity 5111K, committed 5120K, reserved 1048576K
}
Event: 6.506 GC heap before
{Heap before GC invocations=19 (full 0):
 garbage-first heap   total 84992K, used 64901K [0x0000000081a00000, 0x0000000100000000)
  region size 1024K, 49 young (50176K), 4 survivors (4096K)
 Metaspace       used 38072K, capacity 39184K, committed 39372K, reserved 1083392K
  class space    used 5145K, capacity 5537K, committed 5580K, reserved 1048576K
}
Event: 6.511 GC heap after
{Heap after GC invocations=20 (full 0):
 garbage-first heap   total 84992K, used 20341K [0x0000000081a00000, 0x0000000100000000)
  region size 1024K, 5 young (5120K), 5 survivors (5120K)
 Metaspace       used 38072K, capacity 39184K, committed 39372K, reserved 1083392K
  class space    used 5145K, capacity 5537K, committed 5580K, reserved 1048576K
}
Event: 6.963 GC heap before
{Heap before GC invocations=21 (full 0):
 garbage-first heap   total 84992K, used 65397K [0x0000000081a00000, 0x0000000100000000)
  region size 1024K, 49 young (50176K), 5 survivors (5120K)
 Metaspace       used 41333K, capacity 42506K, committed 42828K, reserved 1085440K
  class space    used 5672K, capacity 6105K, committed 6220K, reserved 1048576K
}
Event: 6.969 GC heap after
{Heap after GC invocations=22 (full 0):
 garbage-first heap   total 84992K, used 20967K [0x0000000081a00000, 0x0000000100000000)
  region size 1024K, 4 young (4096K), 4 survivors (4096K)
 Metaspace       used 41333K, capacity 42506K, committed 42828K, reserved 1085440K
  class space    used 5672K, capacity 6105K, committed 6220K, reserved 1048576K
}
Event: 7.495 GC heap before
{Heap before GC invocations=22 (full 0):
 garbage-first heap   total 84992K, used 67047K [0x0000000081a00000, 0x0000000100000000)
  region size 1024K, 49 young (50176K), 4 survivors (4096K)
 Metaspace       used 44514K, capacity 45783K, committed 46028K, reserved 1089536K
  class space    used 6093K, capacity 6556K, committed 6604K, reserved 1048576K
}
Event: 7.502 GC heap after
{Heap after GC invocations=23 (full 0):
 garbage-first heap   total 84992K, used 22099K [0x0000000081a00000, 0x0000000100000000)
  region size 1024K, 5 young (5120K), 5 survivors (5120K)
 Metaspace       used 44514K, capacity 45783K, committed 46028K, reserved 1089536K
  class space    used 6093K, capacity 6556K, committed 6604K, reserved 1048576K
}
Event: 8.099 GC heap before
{Heap before GC invocations=23 (full 0):
 garbage-first heap   total 84992K, used 67155K [0x0000000081a00000, 0x0000000100000000)
  region size 1024K, 49 young (50176K), 5 survivors (5120K)
 Metaspace       used 47197K, capacity 48676K, committed 48844K, reserved 1091584K
  class space    used 6495K, capacity 7049K, committed 7116K, reserved 1048576K
}
Event: 8.109 GC heap after
{Heap after GC invocations=24 (full 0):
 garbage-first heap   total 102400K, used 24423K [0x0000000081a00000, 0x0000000100000000)
  region size 1024K, 6 young (6144K), 6 survivors (6144K)
 Metaspace       used 47197K, capacity 48676K, committed 48844K, reserved 1091584K
  class space    used 6495K, capacity 7049K, committed 7116K, reserved 1048576K
}
Event: 15.365 GC heap before
{Heap before GC invocations=24 (full 0):
 garbage-first heap   total 102400K, used 78695K [0x0000000081a00000, 0x0000000100000000)
  region size 1024K, 60 young (61440K), 6 survivors (6144K)
 Metaspace       used 50643K, capacity 52205K, committed 52428K, reserved 1093632K
  class space    used 6961K, capacity 7560K, committed 7628K, reserved 1048576K
}
Event: 15.377 GC heap after
{Heap after GC invocations=25 (full 0):
 garbage-first heap   total 102400K, used 26569K [0x0000000081a00000, 0x0000000100000000)
  region size 1024K, 7 young (7168K), 7 survivors (7168K)
 Metaspace       used 50643K, capacity 52205K, committed 52428K, reserved 1093632K
  class space    used 6961K, capacity 7560K, committed 7628K, reserved 1048576K
}
Event: 16.018 GC heap before
{Heap before GC invocations=25 (full 0):
 garbage-first heap   total 102400K, used 79817K [0x0000000081a00000, 0x0000000100000000)
  region size 1024K, 60 young (61440K), 7 survivors (7168K)
 Metaspace       used 54473K, capacity 56099K, committed 56268K, reserved 1097728K
  class space    used 7395K, capacity 8022K, committed 8140K, reserved 1048576K
}
Event: 16.032 GC heap after
{Heap after GC invocations=26 (full 0):
 garbage-first heap   total 102400K, used 28608K [0x0000000081a00000, 0x0000000100000000)
  region size 1024K, 5 young (5120K), 5 survivors (5120K)
 Metaspace       used 54473K, capacity 56099K, committed 56268K, reserved 1097728K
  class space    used 7395K, capacity 8022K, committed 8140K, reserved 1048576K
}
Event: 345.128 GC heap before
{Heap before GC invocations=26 (full 0):
 garbage-first heap   total 102400K, used 57280K [0x0000000081a00000, 0x0000000100000000)
  region size 1024K, 34 young (34816K), 5 survivors (5120K)
 Metaspace       used 55490K, capacity 57095K, committed 57420K, reserved 1097728K
  class space    used 7548K, capacity 8160K, committed 8268K, reserved 1048576K
}
Event: 345.187 GC heap after
{Heap after GC invocations=27 (full 1):
 garbage-first heap   total 86016K, used 24318K [0x0000000081a00000, 0x0000000100000000)
  region size 1024K, 0 young (0K), 0 survivors (0K)
 Metaspace       used 55488K, capacity 57092K, committed 57420K, reserved 1097728K
  class space    used 7547K, capacity 8159K, committed 8268K, reserved 1048576K
}
Event: 346.438 GC heap before
{Heap before GC invocations=27 (full 1):
 garbage-first heap   total 86016K, used 68350K [0x0000000081a00000, 0x0000000100000000)
  region size 1024K, 44 young (45056K), 0 survivors (0K)
 Metaspace       used 55561K, capacity 57207K, committed 57420K, reserved 1097728K
  class space    used 7559K, capacity 8174K, committed 8268K, reserved 1048576K
}
Event: 346.442 GC heap after
{Heap after GC invocations=28 (full 1):
 garbage-first heap   total 86016K, used 26595K [0x0000000081a00000, 0x0000000100000000)
  region size 1024K, 3 young (3072K), 3 survivors (3072K)
 Metaspace       used 55561K, capacity 57207K, committed 57420K, reserved 1097728K
  class space    used 7559K, capacity 8174K, committed 8268K, reserved 1048576K
}
Event: 346.969 GC heap before
{Heap before GC invocations=28 (full 1):
 garbage-first heap   total 86016K, used 67555K [0x0000000081a00000, 0x0000000100000000)
  region size 1024K, 44 young (45056K), 3 survivors (3072K)
 Metaspace       used 55591K, capacity 57257K, committed 57420K, reserved 1097728K
  class space    used 7564K, capacity 8210K, committed 8268K, reserved 1048576K
}
Event: 346.974 GC heap after
{Heap after GC invocations=29 (full 1):
 garbage-first heap   total 86016K, used 27390K [0x0000000081a00000, 0x0000000100000000)
  region size 1024K, 3 young (3072K), 3 survivors (3072K)
 Metaspace       used 55591K, capacity 57257K, committed 57420K, reserved 1097728K
  class space    used 7564K, capacity 8210K, committed 8268K, reserved 1048576K
}
Event: 550.024 GC heap before
{Heap before GC invocations=29 (full 1):
 garbage-first heap   total 86016K, used 55038K [0x0000000081a00000, 0x0000000100000000)
  region size 1024K, 31 young (31744K), 3 survivors (3072K)
 Metaspace       used 55771K, capacity 57430K, committed 57676K, reserved 1099776K
  class space    used 7578K, capacity 8220K, committed 8268K, reserved 1048576K
}

