# JRE version: Java(TM) SE Runtime Environment (14.0.1+7) (build 14.0.1+7)
# Java VM: Java HotSpot(TM) 64-Bit Server VM (14.0.1+7, mixed mode, sharing, tiered, compressed oops, g1 gc, windows-amd64)
Heap:
 garbage-first heap   total 86016K, used 68390K [0x0000000081a00000, 0x0000000100000000)
  region size 1024K, 42 young (43008K), 3 survivors (3072K)
 Metaspace       used 56040K, capacity 57840K, committed 58060K, reserved 1099776K
  class space    used 7600K, capacity 8268K, committed 8396K, reserved 1048576K
GC Heap History (20 events):
Event: 7.067 GC heap after
{Heap after GC invocations=23 (full 0):
 garbage-first heap   total 84992K, used 22006K [0x0000000081a00000, 0x0000000100000000)
  region size 1024K, 5 young (5120K), 5 survivors (5120K)
 Metaspace       used 43751K, capacity 45067K, committed 45260K, reserved 1087488K
  class space    used 6005K, capacity 6488K, committed 6604K, reserved 1048576K
}
Event: 7.594 GC heap before
{Heap before GC invocations=23 (full 0):
 garbage-first heap   total 84992K, used 67062K [0x0000000081a00000, 0x0000000100000000)
  region size 1024K, 49 young (50176K), 5 survivors (5120K)
 Metaspace       used 46629K, capacity 48059K, committed 48204K, reserved 1091584K
  class space    used 6426K, capacity 6973K, committed 6988K, reserved 1048576K
}
Event: 7.602 GC heap after
{Heap after GC invocations=24 (full 0):
 garbage-first heap   total 84992K, used 23718K [0x0000000081a00000, 0x0000000100000000)
  region size 1024K, 5 young (5120K), 5 survivors (5120K)
 Metaspace       used 46629K, capacity 48059K, committed 48204K, reserved 1091584K
  class space    used 6426K, capacity 6973K, committed 6988K, reserved 1048576K
}
Event: 8.200 GC heap before
{Heap before GC invocations=24 (full 0):
 garbage-first heap   total 84992K, used 68774K [0x0000000081a00000, 0x0000000100000000)
  region size 1024K, 49 young (50176K), 5 survivors (5120K)
 Metaspace       used 49401K, capacity 50968K, committed 51276K, reserved 1093632K
  class space    used 6798K, capacity 7407K, committed 7500K, reserved 1048576K
}
Event: 8.210 GC heap after
{Heap after GC invocations=25 (full 0):
 garbage-first heap   total 102400K, used 25617K [0x0000000081a00000, 0x0000000100000000)
  region size 1024K, 6 young (6144K), 6 survivors (6144K)
 Metaspace       used 49401K, capacity 50968K, committed 51276K, reserved 1093632K
  class space    used 6798K, capacity 7407K, committed 7500K, reserved 1048576K
}
Event: 8.821 GC heap before
{Heap before GC invocations=25 (full 0):
 garbage-first heap   total 102400K, used 80913K [0x0000000081a00000, 0x0000000100000000)
  region size 1024K, 60 young (61440K), 6 survivors (6144K)
 Metaspace       used 53611K, capacity 55206K, committed 55372K, reserved 1097728K
  class space    used 7298K, capacity 7919K, committed 8012K, reserved 1048576K
}
Event: 8.830 GC heap after
{Heap after GC invocations=26 (full 0):
 garbage-first heap   total 102400K, used 27741K [0x0000000081a00000, 0x0000000100000000)
  region size 1024K, 6 young (6144K), 6 survivors (6144K)
 Metaspace       used 53611K, capacity 55206K, committed 55372K, reserved 1097728K
  class space    used 7298K, capacity 7919K, committed 8012K, reserved 1048576K
}
Event: 456.081 GC heap before
{Heap before GC invocations=26 (full 0):
 garbage-first heap   total 102400K, used 72797K [0x0000000081a00000, 0x0000000100000000)
  region size 1024K, 52 young (53248K), 6 survivors (6144K)
 Metaspace       used 55495K, capacity 57136K, committed 57420K, reserved 1097728K
  class space    used 7545K, capacity 8154K, committed 8268K, reserved 1048576K
}
Event: 456.141 GC heap after
{Heap after GC invocations=27 (full 1):
 garbage-first heap   total 86016K, used 24294K [0x0000000081a00000, 0x0000000100000000)
  region size 1024K, 0 young (0K), 0 survivors (0K)
 Metaspace       used 55493K, capacity 57133K, committed 57420K, reserved 1097728K
  class space    used 7544K, capacity 8153K, committed 8268K, reserved 1048576K
}
Event: 456.928 GC heap before
{Heap before GC invocations=27 (full 1):
 garbage-first heap   total 86016K, used 68326K [0x0000000081a00000, 0x0000000100000000)
  region size 1024K, 44 young (45056K), 0 survivors (0K)
 Metaspace       used 55566K, capacity 57248K, committed 57420K, reserved 1097728K
  class space    used 7556K, capacity 8168K, committed 8268K, reserved 1048576K
}
Event: 456.932 GC heap after
{Heap after GC invocations=28 (full 1):
 garbage-first heap   total 86016K, used 26612K [0x0000000081a00000, 0x0000000100000000)
  region size 1024K, 3 young (3072K), 3 survivors (3072K)
 Metaspace       used 55566K, capacity 57248K, committed 57420K, reserved 1097728K
  class space    used 7556K, capacity 8168K, committed 8268K, reserved 1048576K
}
Event: 457.216 GC heap before
{Heap before GC invocations=28 (full 1):
 garbage-first heap   total 86016K, used 67572K [0x0000000081a00000, 0x0000000100000000)
  region size 1024K, 44 young (45056K), 3 survivors (3072K)
 Metaspace       used 55602K, capacity 57292K, committed 57420K, reserved 1097728K
  class space    used 7561K, capacity 8203K, committed 8268K, reserved 1048576K
}
Event: 457.223 GC heap after
{Heap after GC invocations=29 (full 1):
 garbage-first heap   total 86016K, used 27026K [0x0000000081a00000, 0x0000000100000000)
  region size 1024K, 3 young (3072K), 3 survivors (3072K)
 Metaspace       used 55602K, capacity 57292K, committed 57420K, reserved 1097728K
  class space    used 7561K, capacity 8203K, committed 8268K, reserved 1048576K
}
Event: 484.362 GC heap before
{Heap before GC invocations=29 (full 1):
 garbage-first heap   total 86016K, used 50578K [0x0000000081a00000, 0x0000000100000000)
  region size 1024K, 27 young (27648K), 3 survivors (3072K)
 Metaspace       used 55770K, capacity 57465K, committed 57676K, reserved 1099776K
  class space    used 7575K, capacity 8213K, committed 8268K, reserved 1048576K
}
Event: 484.421 GC heap after
{Heap after GC invocations=30 (full 2):
 garbage-first heap   total 86016K, used 25802K [0x0000000081a00000, 0x0000000100000000)
  region size 1024K, 0 young (0K), 0 survivors (0K)
 Metaspace       used 55770K, capacity 57465K, committed 57676K, reserved 1099776K
  class space    used 7575K, capacity 8213K, committed 8268K, reserved 1048576K
}
Event: 485.110 GC heap before
{Heap before GC invocations=30 (full 2):
 garbage-first heap   total 86016K, used 68810K [0x0000000081a00000, 0x0000000100000000)
  region size 1024K, 43 young (44032K), 0 survivors (0K)
 Metaspace       used 55835K, capacity 57577K, committed 57676K, reserved 1099776K
  class space    used 7585K, capacity 8227K, committed 8268K, reserved 1048576K
}
Event: 485.113 GC heap after
{Heap after GC invocations=31 (full 2):
 garbage-first heap   total 86016K, used 27828K [0x0000000081a00000, 0x0000000100000000)
  region size 1024K, 2 young (2048K), 2 survivors (2048K)
 Metaspace       used 55835K, capacity 57577K, committed 57676K, reserved 1099776K
  class space    used 7585K, capacity 8227K, committed 8268K, reserved 1048576K
}
Event: 485.334 GC heap before
{Heap before GC invocations=31 (full 2):
 garbage-first heap   total 86016K, used 68788K [0x0000000081a00000, 0x0000000100000000)
  region size 1024K, 43 young (44032K), 2 survivors (2048K)
 Metaspace       used 55856K, capacity 57615K, committed 57804K, reserved 1099776K
  class space    used 7587K, capacity 8260K, committed 8396K, reserved 1048576K
}
Event: 485.338 GC heap after
{Heap after GC invocations=32 (full 2):
 garbage-first heap   total 86016K, used 28454K [0x0000000081a00000, 0x0000000100000000)
  region size 1024K, 3 young (3072K), 3 survivors (3072K)
 Metaspace       used 55856K, capacity 57615K, committed 57804K, reserved 1099776K
  class space    used 7587K, capacity 8260K, committed 8396K, reserved 1048576K
}
Event: 1322.595 GC heap before
{Heap before GC invocations=32 (full 2):
 garbage-first heap   total 86016K, used 67366K [0x0000000081a00000, 0x0000000100000000)
  region size 1024K, 42 young (43008K), 3 survivors (3072K)
 Metaspace       used 56040K, capacity 57840K, committed 58060K, reserved 1099776K
  class space    used 7600K, capacity 8268K, committed 8396K, reserved 1048576K
}

